{"/home/abdullah/Desktop/Backend-Ascendant--A-Developer-s-Path/Unit Test/Day 4/src/app.ts": {"path":"/home/abdullah/Desktop/Backend-Ascendant--A-Developer-s-Path/Unit Test/Day 4/src/app.ts","statementMap":{"0":{"start":{"line":1,"column":0},"end":{"line":1,"column":53}},"1":{"start":{"line":3,"column":12},"end":{"line":3,"column":21}},"2":{"start":{"line":5,"column":0},"end":{"line":5,"column":24}},"3":{"start":{"line":7,"column":0},"end":{"line":9,"column":3}},"4":{"start":{"line":8,"column":2},"end":{"line":8,"column":57}},"5":{"start":{"line":11,"column":0},"end":{"line":11,"column":19}}},"fnMap":{"0":{"name":"(anonymous_1)","decl":{"start":{"line":7,"column":13},"end":{"line":7,"column":14}},"loc":{"start":{"line":7,"column":45},"end":{"line":9,"column":1}}}},"branchMap":{},"s":{"0":1,"1":1,"2":1,"3":1,"4":1,"5":1},"f":{"0":1},"b":{}}
,"/home/abdullah/Desktop/Backend-Ascendant--A-Developer-s-Path/Unit Test/Day 4/src/configs/db.config.ts": {"path":"/home/abdullah/Desktop/Backend-Ascendant--A-Developer-s-Path/Unit Test/Day 4/src/configs/db.config.ts","statementMap":{"0":{"start":{"line":1,"column":0},"end":{"line":1,"column":32}},"1":{"start":{"line":3,"column":15},"end":{"line":3,"column":54}},"2":{"start":{"line":5,"column":18},"end":{"line":12,"column":1}},"3":{"start":{"line":6,"column":2},"end":{"line":11,"column":3}},"4":{"start":{"line":7,"column":4},"end":{"line":7,"column":35}},"5":{"start":{"line":8,"column":4},"end":{"line":8,"column":38}},"6":{"start":{"line":10,"column":4},"end":{"line":10,"column":16}},"7":{"start":{"line":14,"column":0},"end":{"line":14,"column":25}}},"fnMap":{"0":{"name":"(anonymous_1)","decl":{"start":{"line":5,"column":18},"end":{"line":5,"column":23}},"loc":{"start":{"line":5,"column":44},"end":{"line":12,"column":1}}}},"branchMap":{},"s":{"0":1,"1":1,"2":1,"3":2,"4":2,"5":1,"6":1,"7":1},"f":{"0":2},"b":{}}
,"/home/abdullah/Desktop/Backend-Ascendant--A-Developer-s-Path/Unit Test/Day 4/src/utils/multiply.utils.ts": {"path":"/home/abdullah/Desktop/Backend-Ascendant--A-Developer-s-Path/Unit Test/Day 4/src/utils/multiply.utils.ts","statementMap":{"0":{"start":{"line":1,"column":17},"end":{"line":3,"column":1}},"1":{"start":{"line":2,"column":2},"end":{"line":2,"column":15}},"2":{"start":{"line":5,"column":0},"end":{"line":5,"column":24}}},"fnMap":{"0":{"name":"(anonymous_0)","decl":{"start":{"line":1,"column":17},"end":{"line":1,"column":18}},"loc":{"start":{"line":1,"column":50},"end":{"line":3,"column":1}}}},"branchMap":{},"s":{"0":1,"1":1,"2":1},"f":{"0":1},"b":{}}
,"/home/abdullah/Desktop/Backend-Ascendant--A-Developer-s-Path/Unit Test/Day 4/src/utils/sum.utils.ts": {"path":"/home/abdullah/Desktop/Backend-Ascendant--A-Developer-s-Path/Unit Test/Day 4/src/utils/sum.utils.ts","statementMap":{"0":{"start":{"line":1,"column":16},"end":{"line":3,"column":1}},"1":{"start":{"line":2,"column":2},"end":{"line":2,"column":15}},"2":{"start":{"line":5,"column":0},"end":{"line":5,"column":23}}},"fnMap":{"0":{"name":"(anonymous_0)","decl":{"start":{"line":1,"column":16},"end":{"line":1,"column":27}},"loc":{"start":{"line":1,"column":29},"end":{"line":3,"column":1}}}},"branchMap":{},"s":{"0":1,"1":1,"2":1},"f":{"0":1},"b":{}}
}
